0 info it worked if it ends with ok
1 verbose cli [ '/usr/bin/node', '/usr/bin/npm', 'bugs' ]
2 info using npm@3.5.2
3 info using node@v8.10.0
4 silly fetchPackageMetaData .
5 silly fetchDirectoryPackageData .
6 silly bugs url https://github.com/ali97hz/ImageGallery/issues
7 verbose stack Error: spawn xdg-open ENOENT
7 verbose stack     at _errnoException (util.js:1022:11)
7 verbose stack     at Process.ChildProcess._handle.onexit (internal/child_process.js:190:19)
7 verbose stack     at onErrorNT (internal/child_process.js:372:16)
7 verbose stack     at _combinedTickCallback (internal/process/next_tick.js:138:11)
7 verbose stack     at process._tickCallback (internal/process/next_tick.js:180:9)
8 verbose cwd /mnt/d/1Computer/Projects/Image Gallery With ES6 Vanilla JavaScript/prj
9 error Linux 4.4.0-17134-Microsoft
10 error argv "/usr/bin/node" "/usr/bin/npm" "bugs"
11 error node v8.10.0
12 error npm  v3.5.2
13 error path xdg-open
14 error code ENOENT
15 error errno ENOENT
16 error syscall spawn xdg-open
17 error enoent spawn xdg-open ENOENT
18 error enoent spawn xdg-open ENOENT
18 error enoent This is most likely not a problem with npm itself
18 error enoent and is related to npm not being able to find a file.
19 verbose exit [ 1, true ]
